android/build/intermediates/manifest_merge_blame_file/debug/processDebugMainManifest/manifest-merger-blame-debug-report.txt
1<?xml version="1.0" encoding="utf-8"?>
2<manifest xmlns:android="http://schemas.android.com/apk/res/android"
3    package="com.tony.classic.board.dominoes"
4    android:versionCode="3"
5    android:versionName="1.0.2" >
6
7    <uses-sdk
7-->dominoesgdx\android\AndroidManifest.xml:12:5-125:11
8        android:minSdkVersion="23"
9        android:targetSdkVersion="35" />
10
11    <supports-screens
11-->dominoesgdx\android\AndroidManifest.xml:5:5-11:39
12        android:anyDensity="true"
12-->dominoesgdx\android\AndroidManifest.xml:6:9-34
13        android:largeScreens="true"
13-->dominoesgdx\android\AndroidManifest.xml:7:9-36
14        android:normalScreens="true"
14-->dominoesgdx\android\AndroidManifest.xml:8:9-37
15        android:resizeable="true"
15-->dominoesgdx\android\AndroidManifest.xml:9:9-34
16        android:smallScreens="true"
16-->dominoesgdx\android\AndroidManifest.xml:10:9-36
17        android:xlargeScreens="true" />
17-->dominoesgdx\android\AndroidManifest.xml:11:9-37
18
19    <uses-feature
19-->dominoesgdx\android\AndroidManifest.xml:127:5-89
20        android:name="android.hardware.touchscreen"
20-->dominoesgdx\android\AndroidManifest.xml:127:19-62
21        android:required="false" />
21-->dominoesgdx\android\AndroidManifest.xml:127:63-87
22    <uses-feature
22-->dominoesgdx\android\AndroidManifest.xml:128:5-78
23        android:glEsVersion="0x00020000"
23-->dominoesgdx\android\AndroidManifest.xml:128:19-51
24        android:required="true" />
24-->dominoesgdx\android\AndroidManifest.xml:128:52-75
25
26    <uses-permission android:name="android.permission.INTERNET" />
26-->dominoesgdx\android\AndroidManifest.xml:130:5-66
26-->dominoesgdx\android\AndroidManifest.xml:130:22-64
27    <uses-permission android:name="android.permission.ACCESS_NETWORK_STATE" />
27-->dominoesgdx\android\AndroidManifest.xml:131:5-78
27-->dominoesgdx\android\AndroidManifest.xml:131:22-76
28    <uses-permission android:name="android.permission.VIBRATE" />
28-->dominoesgdx\android\AndroidManifest.xml:132:5-66
28-->dominoesgdx\android\AndroidManifest.xml:132:22-63
29    <uses-permission android:name="android.permission.POST_NOTIFICATIONS" />
29-->dominoesgdx\android\AndroidManifest.xml:133:5-76
29-->dominoesgdx\android\AndroidManifest.xml:133:22-74
30    <uses-permission android:name="com.google.android.gms.permission.AD_ID" />
30-->dominoesgdx\android\AndroidManifest.xml:134:5-78
30-->dominoesgdx\android\AndroidManifest.xml:134:22-76
31    <!-- 忘记为啥写了，竞品没有   好像是陀螺仪？？？ -->
32    <!-- <uses-permission android:name="android.permission.READ_BASIC_PHONE_STATE"/> -->
33
34    <uses-permission android:name="android.permission.READ_EXTERNAL_STORAGE" />
34-->dominoesgdx\android\AndroidManifest.xml:138:5-79
34-->dominoesgdx\android\AndroidManifest.xml:138:22-77
35
36    <queries>
36-->[com.unity3d.ads:unity-ads:4.14.2] AndroidManifest.xml:8:5-12:15
37        <intent>
37-->[com.unity3d.ads:unity-ads:4.14.2] AndroidManifest.xml:9:9-11:18
38            <action android:name="com.attribution.REFERRAL_PROVIDER" />
38-->[com.unity3d.ads:unity-ads:4.14.2] AndroidManifest.xml:10:13-72
38-->[com.unity3d.ads:unity-ads:4.14.2] AndroidManifest.xml:10:21-69
39        </intent>
40
41        <package android:name="com.facebook.katana" />
41-->[com.facebook.android:audience-network-sdk:6.20.0] AndroidManifest.xml:12:9-55
41-->[com.facebook.android:audience-network-sdk:6.20.0] AndroidManifest.xml:12:18-52
42
43        <intent>
43-->[com.appsflyer:af-android-sdk:6.12.4] AndroidManifest.xml:12:9-14:18
44            <action android:name="com.appsflyer.referrer.INSTALL_PROVIDER" />
44-->[com.appsflyer:af-android-sdk:6.12.4] AndroidManifest.xml:13:13-78
44-->[com.appsflyer:af-android-sdk:6.12.4] AndroidManifest.xml:13:21-75
45        </intent>
46        <intent>
46-->[com.applovin:applovin-sdk:13.2.0] AndroidManifest.xml:8:9-10:18
47            <action android:name="com.applovin.am.intent.action.APPHUB_SERVICE" />
47-->[com.applovin:applovin-sdk:13.2.0] AndroidManifest.xml:9:13-83
47-->[com.applovin:applovin-sdk:13.2.0] AndroidManifest.xml:9:21-80
48        </intent>
49        <intent>
49-->[com.applovin:applovin-sdk:13.2.0] AndroidManifest.xml:11:9-13:18
50            <action android:name="android.support.customtabs.action.CustomTabsService" />
50-->[com.applovin:applovin-sdk:13.2.0] AndroidManifest.xml:12:13-90
50-->[com.applovin:applovin-sdk:13.2.0] AndroidManifest.xml:12:21-87
51        </intent> <!-- For browser content -->
52        <intent>
52-->[com.google.android.gms:play-services-ads-api:24.2.0] AndroidManifest.xml:38:9-44:18
53            <action android:name="android.intent.action.VIEW" />
53-->[com.google.android.gms:play-services-ads-api:24.2.0] AndroidManifest.xml:39:13-65
53-->[com.google.android.gms:play-services-ads-api:24.2.0] AndroidManifest.xml:39:21-62
54
55            <category android:name="android.intent.category.BROWSABLE" />
55-->[com.google.android.gms:play-services-ads-api:24.2.0] AndroidManifest.xml:41:13-74
55-->[com.google.android.gms:play-services-ads-api:24.2.0] AndroidManifest.xml:41:23-71
56
57            <data android:scheme="https" />
57-->[com.google.android.gms:play-services-ads-api:24.2.0] AndroidManifest.xml:43:13-44
57-->[com.google.android.gms:play-services-ads-api:24.2.0] AndroidManifest.xml:43:19-41
58        </intent> <!-- End of CustomTabsService -->
59        <!-- For MRAID capabilities -->
60        <intent>
60-->[com.google.android.gms:play-services-ads-api:24.2.0] AndroidManifest.xml:52:9-56:18
61            <action android:name="android.intent.action.INSERT" />
61-->[com.google.android.gms:play-services-ads-api:24.2.0] AndroidManifest.xml:53:13-67
61-->[com.google.android.gms:play-services-ads-api:24.2.0] AndroidManifest.xml:53:21-64
62
63            <data android:mimeType="vnd.android.cursor.dir/event" />
63-->[com.google.android.gms:play-services-ads-api:24.2.0] AndroidManifest.xml:43:13-44
64        </intent>
65        <intent>
65-->[com.google.android.gms:play-services-ads-api:24.2.0] AndroidManifest.xml:57:9-61:18
66            <action android:name="android.intent.action.VIEW" />
66-->[com.google.android.gms:play-services-ads-api:24.2.0] AndroidManifest.xml:39:13-65
66-->[com.google.android.gms:play-services-ads-api:24.2.0] AndroidManifest.xml:39:21-62
67
68            <data android:scheme="sms" />
68-->[com.google.android.gms:play-services-ads-api:24.2.0] AndroidManifest.xml:43:13-44
68-->[com.google.android.gms:play-services-ads-api:24.2.0] AndroidManifest.xml:43:19-41
69        </intent>
70        <intent>
70-->[com.google.android.gms:play-services-ads-api:24.2.0] AndroidManifest.xml:62:9-66:18
71            <action android:name="android.intent.action.DIAL" />
71-->[com.google.android.gms:play-services-ads-api:24.2.0] AndroidManifest.xml:63:13-65
71-->[com.google.android.gms:play-services-ads-api:24.2.0] AndroidManifest.xml:63:21-62
72
73            <data android:path="tel:" />
73-->[com.google.android.gms:play-services-ads-api:24.2.0] AndroidManifest.xml:43:13-44
74        </intent>
75    </queries>
76
77    <uses-permission android:name="android.permission.ACCESS_ADSERVICES_TOPICS" />
77-->[com.unity3d.ads:unity-ads:4.14.2] AndroidManifest.xml:17:5-83
77-->[com.unity3d.ads:unity-ads:4.14.2] AndroidManifest.xml:17:22-80
78    <uses-permission android:name="android.permission.ACCESS_ADSERVICES_ATTRIBUTION" />
78-->[com.unity3d.ads:unity-ads:4.14.2] AndroidManifest.xml:18:5-88
78-->[com.unity3d.ads:unity-ads:4.14.2] AndroidManifest.xml:18:22-85
79    <uses-permission android:name="android.permission.WAKE_LOCK" />
79-->[com.doodleads:doodle-bi:6.2.5] AndroidManifest.xml:13:5-68
79-->[com.doodleads:doodle-bi:6.2.5] AndroidManifest.xml:13:22-65
80    <uses-permission android:name="com.applovin.array.apphub.permission.BIND_APPHUB_SERVICE" /> <!-- Permissions required by Open Measurement SDK -->
80-->[com.applovin:applovin-sdk:13.2.0] AndroidManifest.xml:19:5-96
80-->[com.applovin:applovin-sdk:13.2.0] AndroidManifest.xml:19:22-93
81    <uses-permission android:name="android.permission.ACCESS_WIFI_STATE" />
81-->[com.applovin:applovin-sdk:13.2.0] AndroidManifest.xml:22:5-76
81-->[com.applovin:applovin-sdk:13.2.0] AndroidManifest.xml:22:22-73
82    <uses-permission android:name="android.permission.ACCESS_ADSERVICES_AD_ID" />
82-->[com.google.android.gms:play-services-ads-api:24.2.0] AndroidManifest.xml:27:5-82
82-->[com.google.android.gms:play-services-ads-api:24.2.0] AndroidManifest.xml:27:22-79
83    <uses-permission android:name="com.google.android.finsky.permission.BIND_GET_INSTALL_REFERRER_SERVICE" />
83-->[com.google.android.gms:play-services-measurement:21.1.0] AndroidManifest.xml:26:5-110
83-->[com.google.android.gms:play-services-measurement:21.1.0] AndroidManifest.xml:26:22-107
84    <uses-permission android:name="android.permission.FOREGROUND_SERVICE" />
84-->[androidx.work:work-runtime:2.7.0] AndroidManifest.xml:28:5-77
84-->[androidx.work:work-runtime:2.7.0] AndroidManifest.xml:28:22-74
85
86    <permission
86-->[androidx.core:core:1.9.0] AndroidManifest.xml:22:5-24:47
87        android:name="com.tony.classic.board.dominoes.DYNAMIC_RECEIVER_NOT_EXPORTED_PERMISSION"
87-->[androidx.core:core:1.9.0] AndroidManifest.xml:23:9-81
88        android:protectionLevel="signature" />
88-->[androidx.core:core:1.9.0] AndroidManifest.xml:24:9-44
89
90    <uses-permission android:name="com.tony.classic.board.dominoes.DYNAMIC_RECEIVER_NOT_EXPORTED_PERMISSION" /> <!-- <uses-permission android:name="android.permission.READ_MEDIA_IMAGES"/> -->
90-->[androidx.core:core:1.9.0] AndroidManifest.xml:26:5-97
90-->[androidx.core:core:1.9.0] AndroidManifest.xml:26:22-94
91    <!-- <uses-permission android:name="android.permission.WRITE_EXTERNAL_STORAGE"/> -->
92    <application
92-->dominoesgdx\android\AndroidManifest.xml:142:5-207:19
93        android:allowBackup="true"
93-->dominoesgdx\android\AndroidManifest.xml:143:9-35
94        android:appCategory="game"
94-->dominoesgdx\android\AndroidManifest.xml:147:9-35
95        android:appComponentFactory="androidx.core.app.CoreComponentFactory"
95-->[androidx.core:core:1.9.0] AndroidManifest.xml:28:18-86
96        android:debuggable="true"
97        android:extractNativeLibs="false"
98        android:fullBackupContent="@xml/appsflyer_backup_rules"
98-->[com.appsflyer:af-android-sdk:6.12.4] AndroidManifest.xml:21:18-73
99        android:icon="@drawable/app_icon"
99-->dominoesgdx\android\AndroidManifest.xml:144:9-42
100        android:installLocation="auto"
100-->dominoesgdx\android\AndroidManifest.xml:149:9-39
101        android:isGame="true"
101-->dominoesgdx\android\AndroidManifest.xml:145:9-30
102        android:label="@string/app_name"
102-->dominoesgdx\android\AndroidManifest.xml:148:9-41
103        android:largeHeap="true"
103-->dominoesgdx\android\AndroidManifest.xml:150:9-33
104        android:theme="@style/GdxTheme"
104-->dominoesgdx\android\AndroidManifest.xml:151:9-40
105        android:usesCleartextTraffic="true" >
105-->dominoesgdx\android\AndroidManifest.xml:146:9-44
106        <activity
106-->dominoesgdx\android\AndroidManifest.xml:152:9-164:20
107            android:name="com.tony.classic.board.dominoes.AndroidLauncher"
107-->dominoesgdx\android\AndroidManifest.xml:153:13-75
108            android:configChanges="keyboard|keyboardHidden|orientation|screenSize|smallestScreenSize|screenLayout|navigation|uiMode|fontScale|locale"
108-->dominoesgdx\android\AndroidManifest.xml:159:13-150
109            android:exported="true"
109-->dominoesgdx\android\AndroidManifest.xml:155:13-36
110            android:label="@string/app_name"
110-->dominoesgdx\android\AndroidManifest.xml:154:13-45
111            android:launchMode="singleTop"
111-->dominoesgdx\android\AndroidManifest.xml:157:13-43
112            android:resizeableActivity="false"
112-->dominoesgdx\android\AndroidManifest.xml:158:13-47
113            android:screenOrientation="portrait" >
113-->dominoesgdx\android\AndroidManifest.xml:156:13-49
114            <intent-filter>
114-->dominoesgdx\android\AndroidManifest.xml:160:13-163:29
115                <action android:name="android.intent.action.MAIN" />
115-->dominoesgdx\android\AndroidManifest.xml:161:17-69
115-->dominoesgdx\android\AndroidManifest.xml:161:25-66
116
117                <category android:name="android.intent.category.LAUNCHER" />
117-->dominoesgdx\android\AndroidManifest.xml:162:17-77
117-->dominoesgdx\android\AndroidManifest.xml:162:27-74
118            </intent-filter>
119        </activity>
120
121        <receiver
121-->dominoesgdx\android\AndroidManifest.xml:166:9-171:20
122            android:name="com.tony.classic.board.dominoes.MYReceiver"
122-->dominoesgdx\android\AndroidManifest.xml:166:19-45
123            android:exported="true" >
123-->dominoesgdx\android\AndroidManifest.xml:167:13-36
124            <intent-filter>
124-->dominoesgdx\android\AndroidManifest.xml:168:13-170:29
125                <action android:name="com.wyy.spider.notificationReceiver" />
125-->dominoesgdx\android\AndroidManifest.xml:169:17-77
125-->dominoesgdx\android\AndroidManifest.xml:169:25-75
126            </intent-filter>
127        </receiver>
128
129        <provider
130            android:name="com.tony.classic.board.dominoes.MobileAdsInitProvider2"
130-->dominoesgdx\android\AndroidManifest.xml:182:21-59
131            android:authorities="com.tony.classic.board.dominoes.mobileadsinitprovider"
131-->dominoesgdx\android\AndroidManifest.xml:183:21-81
132            android:exported="true"
132-->dominoesgdx\android\AndroidManifest.xml:184:21-44
133            android:initOrder="100" />
133-->dominoesgdx\android\AndroidManifest.xml:185:21-44
134
135        <meta-data
135-->dominoesgdx\android\AndroidManifest.xml:188:17-190:78
136            android:name="com.google.android.gms.ads.APPLICATION_ID"
136-->dominoesgdx\android\AndroidManifest.xml:189:21-77
137            android:value="ca-app-pub-1158309768049631~6571397370" />
137-->dominoesgdx\android\AndroidManifest.xml:190:21-75
138        <meta-data
138-->dominoesgdx\android\AndroidManifest.xml:192:17-194:56
139            android:name="com.facebook.sdk.ApplicationName"
139-->dominoesgdx\android\AndroidManifest.xml:193:21-68
140            android:value="@string/app_name" />
140-->dominoesgdx\android\AndroidManifest.xml:194:21-53
141        <meta-data
141-->dominoesgdx\android\AndroidManifest.xml:196:17-119
142            android:name="com.facebook.sdk.ClientToken"
142-->dominoesgdx\android\AndroidManifest.xml:196:28-71
143            android:value="@string/facebook_client_token" />
143-->dominoesgdx\android\AndroidManifest.xml:196:72-117
144        <meta-data
144-->dominoesgdx\android\AndroidManifest.xml:198:17-200:44
145            android:name="com.facebook.sdk.AutoLogAppEventsEnabled"
145-->dominoesgdx\android\AndroidManifest.xml:199:21-76
146            android:value="true" />
146-->dominoesgdx\android\AndroidManifest.xml:200:21-41
147        <meta-data
147-->dominoesgdx\android\AndroidManifest.xml:202:9-107
148            android:name="com.facebook.sdk.ApplicationId"
148-->dominoesgdx\android\AndroidManifest.xml:202:20-65
149            android:value="@string/facebook_app_id" />
149-->dominoesgdx\android\AndroidManifest.xml:202:66-105
150        <!-- <meta-data android:name="applovin.sdk.key" android:value="xspEme-PgTSApB2pv5Z2wJD07-1BTL-PCndyPcM54qFu_HhvNFyHZAIg9Ktcfr0sbdp0FA5J-LB-ctu_6qGg-Z"/> -->
151
152        <uses-library
152-->dominoesgdx\android\AndroidManifest.xml:205:9-101
153            android:name="org.apache.http.legacy"
153-->dominoesgdx\android\AndroidManifest.xml:205:23-60
154            android:required="false" />
154-->dominoesgdx\android\AndroidManifest.xml:205:61-85
155
156        <!--
157         The initialization ContentProvider will call FacebookSdk.sdkInitialize automatically
158         with the application context. This config is merged in with the host app's manifest,
159         but there can only be one provider with the same authority activated at any given
160         point; so if the end user has two or more different apps that use Facebook SDK, only the
161         first one will be able to use the provider. To work around this problem, we use the
162         following placeholder in the authority to identify each host application as if it was
163         a completely different provider.
164        -->
165        <provider
165-->[com.facebook.android:facebook-core:8.2.0] AndroidManifest.xml:39:9-42:40
166            android:name="com.facebook.internal.FacebookInitProvider"
166-->[com.facebook.android:facebook-core:8.2.0] AndroidManifest.xml:40:13-70
167            android:authorities="com.tony.classic.board.dominoes.FacebookInitProvider"
167-->[com.facebook.android:facebook-core:8.2.0] AndroidManifest.xml:41:13-72
168            android:exported="false" />
168-->[com.facebook.android:facebook-core:8.2.0] AndroidManifest.xml:42:13-37
169
170        <receiver
170-->[com.facebook.android:facebook-core:8.2.0] AndroidManifest.xml:44:9-50:20
171            android:name="com.facebook.CurrentAccessTokenExpirationBroadcastReceiver"
171-->[com.facebook.android:facebook-core:8.2.0] AndroidManifest.xml:45:13-86
172            android:exported="false" >
172-->[com.facebook.android:facebook-core:8.2.0] AndroidManifest.xml:46:13-37
173            <intent-filter>
173-->[com.facebook.android:facebook-core:8.2.0] AndroidManifest.xml:47:13-49:29
174                <action android:name="com.facebook.sdk.ACTION_CURRENT_ACCESS_TOKEN_CHANGED" />
174-->[com.facebook.android:facebook-core:8.2.0] AndroidManifest.xml:48:17-95
174-->[com.facebook.android:facebook-core:8.2.0] AndroidManifest.xml:48:25-92
175            </intent-filter>
176        </receiver>
177
178        <activity
178-->[com.unity3d.ads:unity-ads:4.14.2] AndroidManifest.xml:21:9-26:74
179            android:name="com.unity3d.services.ads.adunit.AdUnitActivity"
179-->[com.unity3d.ads:unity-ads:4.14.2] AndroidManifest.xml:22:13-74
180            android:configChanges="fontScale|keyboard|keyboardHidden|locale|mnc|mcc|navigation|orientation|screenLayout|screenSize|smallestScreenSize|uiMode|touchscreen"
180-->[com.unity3d.ads:unity-ads:4.14.2] AndroidManifest.xml:23:13-170
181            android:exported="false"
181-->[com.unity3d.ads:unity-ads:4.14.2] AndroidManifest.xml:24:13-37
182            android:hardwareAccelerated="true"
182-->[com.unity3d.ads:unity-ads:4.14.2] AndroidManifest.xml:25:13-47
183            android:theme="@android:style/Theme.NoTitleBar.Fullscreen" />
183-->[com.unity3d.ads:unity-ads:4.14.2] AndroidManifest.xml:26:13-71
184        <activity
184-->[com.unity3d.ads:unity-ads:4.14.2] AndroidManifest.xml:27:9-32:86
185            android:name="com.unity3d.services.ads.adunit.AdUnitTransparentActivity"
185-->[com.unity3d.ads:unity-ads:4.14.2] AndroidManifest.xml:28:13-85
186            android:configChanges="fontScale|keyboard|keyboardHidden|locale|mnc|mcc|navigation|orientation|screenLayout|screenSize|smallestScreenSize|uiMode|touchscreen"
186-->[com.unity3d.ads:unity-ads:4.14.2] AndroidManifest.xml:29:13-170
187            android:exported="false"
187-->[com.unity3d.ads:unity-ads:4.14.2] AndroidManifest.xml:30:13-37
188            android:hardwareAccelerated="true"
188-->[com.unity3d.ads:unity-ads:4.14.2] AndroidManifest.xml:31:13-47
189            android:theme="@android:style/Theme.Translucent.NoTitleBar.Fullscreen" />
189-->[com.unity3d.ads:unity-ads:4.14.2] AndroidManifest.xml:32:13-83
190        <activity
190-->[com.unity3d.ads:unity-ads:4.14.2] AndroidManifest.xml:33:9-38:86
191            android:name="com.unity3d.services.ads.adunit.AdUnitTransparentSoftwareActivity"
191-->[com.unity3d.ads:unity-ads:4.14.2] AndroidManifest.xml:34:13-93
192            android:configChanges="fontScale|keyboard|keyboardHidden|locale|mnc|mcc|navigation|orientation|screenLayout|screenSize|smallestScreenSize|uiMode|touchscreen"
192-->[com.unity3d.ads:unity-ads:4.14.2] AndroidManifest.xml:35:13-170
193            android:exported="false"
193-->[com.unity3d.ads:unity-ads:4.14.2] AndroidManifest.xml:36:13-37
194            android:hardwareAccelerated="false"
194-->[com.unity3d.ads:unity-ads:4.14.2] AndroidManifest.xml:37:13-48
195            android:theme="@android:style/Theme.Translucent.NoTitleBar.Fullscreen" />
195-->[com.unity3d.ads:unity-ads:4.14.2] AndroidManifest.xml:38:13-83
196        <activity
196-->[com.unity3d.ads:unity-ads:4.14.2] AndroidManifest.xml:39:9-44:74
197            android:name="com.unity3d.services.ads.adunit.AdUnitSoftwareActivity"
197-->[com.unity3d.ads:unity-ads:4.14.2] AndroidManifest.xml:40:13-82
198            android:configChanges="fontScale|keyboard|keyboardHidden|locale|mnc|mcc|navigation|orientation|screenLayout|screenSize|smallestScreenSize|uiMode|touchscreen"
198-->[com.unity3d.ads:unity-ads:4.14.2] AndroidManifest.xml:41:13-170
199            android:exported="false"
199-->[com.unity3d.ads:unity-ads:4.14.2] AndroidManifest.xml:42:13-37
200            android:hardwareAccelerated="false"
200-->[com.unity3d.ads:unity-ads:4.14.2] AndroidManifest.xml:43:13-48
201            android:theme="@android:style/Theme.NoTitleBar.Fullscreen" />
201-->[com.unity3d.ads:unity-ads:4.14.2] AndroidManifest.xml:44:13-71
202        <activity
202-->[com.unity3d.ads:unity-ads:4.14.2] AndroidManifest.xml:45:9-50:74
203            android:name="com.unity3d.ads.adplayer.FullScreenWebViewDisplay"
203-->[com.unity3d.ads:unity-ads:4.14.2] AndroidManifest.xml:46:13-77
204            android:configChanges="fontScale|keyboard|keyboardHidden|locale|mnc|mcc|navigation|orientation|screenLayout|screenSize|smallestScreenSize|uiMode|touchscreen"
204-->[com.unity3d.ads:unity-ads:4.14.2] AndroidManifest.xml:47:13-170
205            android:exported="false"
205-->[com.unity3d.ads:unity-ads:4.14.2] AndroidManifest.xml:48:13-37
206            android:hardwareAccelerated="true"
206-->[com.unity3d.ads:unity-ads:4.14.2] AndroidManifest.xml:49:13-47
207            android:theme="@android:style/Theme.NoTitleBar.Fullscreen" />
207-->[com.unity3d.ads:unity-ads:4.14.2] AndroidManifest.xml:50:13-71
208
209        <provider
209-->[com.unity3d.ads:unity-ads:4.14.2] AndroidManifest.xml:52:9-62:20
210            android:name="androidx.startup.InitializationProvider"
210-->[com.unity3d.ads:unity-ads:4.14.2] AndroidManifest.xml:53:13-67
211            android:authorities="com.tony.classic.board.dominoes.androidx-startup"
211-->[com.unity3d.ads:unity-ads:4.14.2] AndroidManifest.xml:54:13-68
212            android:exported="false" >
212-->[androidx.work:work-runtime:2.7.0] AndroidManifest.xml:34:13-37
213            <meta-data
213-->[com.unity3d.ads:unity-ads:4.14.2] AndroidManifest.xml:56:13-58:52
214                android:name="androidx.lifecycle.ProcessLifecycleInitializer"
214-->[com.unity3d.ads:unity-ads:4.14.2] AndroidManifest.xml:57:17-78
215                android:value="androidx.startup" />
215-->[com.unity3d.ads:unity-ads:4.14.2] AndroidManifest.xml:58:17-49
216            <meta-data
216-->[com.unity3d.ads:unity-ads:4.14.2] AndroidManifest.xml:59:13-61:52
217                android:name="com.unity3d.services.core.configuration.AdsSdkInitializer"
217-->[com.unity3d.ads:unity-ads:4.14.2] AndroidManifest.xml:60:17-89
218                android:value="androidx.startup" />
218-->[com.unity3d.ads:unity-ads:4.14.2] AndroidManifest.xml:61:17-49
219            <meta-data
219-->[androidx.work:work-runtime:2.7.0] AndroidManifest.xml:36:13-38:52
220                android:name="androidx.work.WorkManagerInitializer"
220-->[androidx.work:work-runtime:2.7.0] AndroidManifest.xml:37:17-68
221                android:value="androidx.startup" />
221-->[androidx.work:work-runtime:2.7.0] AndroidManifest.xml:38:17-49
222            <meta-data
222-->[androidx.profileinstaller:profileinstaller:1.3.0] AndroidManifest.xml:29:13-31:52
223                android:name="androidx.profileinstaller.ProfileInstallerInitializer"
223-->[androidx.profileinstaller:profileinstaller:1.3.0] AndroidManifest.xml:30:17-85
224                android:value="androidx.startup" />
224-->[androidx.profileinstaller:profileinstaller:1.3.0] AndroidManifest.xml:31:17-49
225        </provider>
226
227        <activity
227-->[com.facebook.android:audience-network-sdk:6.20.0] AndroidManifest.xml:20:9-24:75
228            android:name="com.facebook.ads.AudienceNetworkActivity"
228-->[com.facebook.android:audience-network-sdk:6.20.0] AndroidManifest.xml:21:13-68
229            android:configChanges="keyboardHidden|orientation|screenSize|smallestScreenSize|screenLayout"
229-->[com.facebook.android:audience-network-sdk:6.20.0] AndroidManifest.xml:22:13-106
230            android:exported="false"
230-->[com.facebook.android:audience-network-sdk:6.20.0] AndroidManifest.xml:23:13-37
231            android:theme="@android:style/Theme.Translucent.NoTitleBar" />
231-->[com.facebook.android:audience-network-sdk:6.20.0] AndroidManifest.xml:24:13-72
232
233        <provider
233-->[com.facebook.android:audience-network-sdk:6.20.0] AndroidManifest.xml:26:9-29:40
234            android:name="com.facebook.ads.AudienceNetworkContentProvider"
234-->[com.facebook.android:audience-network-sdk:6.20.0] AndroidManifest.xml:27:13-75
235            android:authorities="com.tony.classic.board.dominoes.AudienceNetworkContentProvider"
235-->[com.facebook.android:audience-network-sdk:6.20.0] AndroidManifest.xml:28:13-82
236            android:exported="false" />
236-->[com.facebook.android:audience-network-sdk:6.20.0] AndroidManifest.xml:29:13-37
237
238        <service
238-->[com.google.firebase:firebase-crashlytics:18.2.13] AndroidManifest.xml:15:9-21:19
239            android:name="com.google.firebase.components.ComponentDiscoveryService"
239-->[com.google.firebase:firebase-crashlytics:18.2.13] AndroidManifest.xml:16:13-84
240            android:directBootAware="true"
240-->[com.google.firebase:firebase-common:20.1.2] AndroidManifest.xml:35:13-43
241            android:exported="false" >
241-->[com.google.firebase:firebase-crashlytics:18.2.13] AndroidManifest.xml:17:13-37
242            <meta-data
242-->[com.google.firebase:firebase-crashlytics:18.2.13] AndroidManifest.xml:18:13-20:85
243                android:name="com.google.firebase.components:com.google.firebase.crashlytics.CrashlyticsRegistrar"
243-->[com.google.firebase:firebase-crashlytics:18.2.13] AndroidManifest.xml:19:17-115
244                android:value="com.google.firebase.components.ComponentRegistrar" />
244-->[com.google.firebase:firebase-crashlytics:18.2.13] AndroidManifest.xml:20:17-82
245            <meta-data
245-->[com.google.android.gms:play-services-measurement-api:21.1.0] AndroidManifest.xml:31:13-33:85
246                android:name="com.google.firebase.components:com.google.firebase.analytics.connector.internal.AnalyticsConnectorRegistrar"
246-->[com.google.android.gms:play-services-measurement-api:21.1.0] AndroidManifest.xml:32:17-139
247                android:value="com.google.firebase.components.ComponentRegistrar" />
247-->[com.google.android.gms:play-services-measurement-api:21.1.0] AndroidManifest.xml:33:17-82
248            <meta-data
248-->[com.google.firebase:firebase-installations:17.0.2] AndroidManifest.xml:18:13-20:85
249                android:name="com.google.firebase.components:com.google.firebase.installations.FirebaseInstallationsRegistrar"
249-->[com.google.firebase:firebase-installations:17.0.2] AndroidManifest.xml:19:17-127
250                android:value="com.google.firebase.components.ComponentRegistrar" />
250-->[com.google.firebase:firebase-installations:17.0.2] AndroidManifest.xml:20:17-82
251        </service>
252
253        <provider
253-->[com.applovin:applovin-sdk:13.2.0] AndroidManifest.xml:25:9-29:39
254            android:name="com.applovin.sdk.AppLovinInitProvider"
254-->[com.applovin:applovin-sdk:13.2.0] AndroidManifest.xml:26:13-65
255            android:authorities="com.tony.classic.board.dominoes.applovininitprovider"
255-->[com.applovin:applovin-sdk:13.2.0] AndroidManifest.xml:27:13-72
256            android:exported="false"
256-->[com.applovin:applovin-sdk:13.2.0] AndroidManifest.xml:28:13-37
257            android:initOrder="101" /> <!-- Init order is 101 so we're before Firebase/Google which uses 100 -->
257-->[com.applovin:applovin-sdk:13.2.0] AndroidManifest.xml:29:13-36
258        <activity
258-->[com.applovin:applovin-sdk:13.2.0] AndroidManifest.xml:31:9-38:74
259            android:name="com.applovin.adview.AppLovinFullscreenActivity"
259-->[com.applovin:applovin-sdk:13.2.0] AndroidManifest.xml:32:13-74
260            android:configChanges="fontScale|keyboard|keyboardHidden|locale|orientation|screenLayout|screenSize|smallestScreenSize|uiMode"
260-->[com.applovin:applovin-sdk:13.2.0] AndroidManifest.xml:33:13-139
261            android:exported="false"
261-->[com.applovin:applovin-sdk:13.2.0] AndroidManifest.xml:34:13-37
262            android:hardwareAccelerated="true"
262-->[com.applovin:applovin-sdk:13.2.0] AndroidManifest.xml:35:13-47
263            android:launchMode="singleTop"
263-->[com.applovin:applovin-sdk:13.2.0] AndroidManifest.xml:36:13-43
264            android:screenOrientation="behind"
264-->[com.applovin:applovin-sdk:13.2.0] AndroidManifest.xml:37:13-47
265            android:theme="@android:style/Theme.NoTitleBar.Fullscreen" />
265-->[com.applovin:applovin-sdk:13.2.0] AndroidManifest.xml:38:13-71
266        <activity
266-->[com.applovin:applovin-sdk:13.2.0] AndroidManifest.xml:39:9-41:142
267            android:name="com.applovin.sdk.AppLovinWebViewActivity"
267-->[com.applovin:applovin-sdk:13.2.0] AndroidManifest.xml:40:13-68
268            android:configChanges="fontScale|keyboard|keyboardHidden|locale|orientation|screenLayout|screenSize|smallestScreenSize|uiMode" /> <!-- Mediation Debugger Activities -->
268-->[com.applovin:applovin-sdk:13.2.0] AndroidManifest.xml:41:13-139
269        <activity
269-->[com.applovin:applovin-sdk:13.2.0] AndroidManifest.xml:44:9-47:87